[FIND-ME-1-1] Find Me with 3 Numbers (from Example 1)
<?xml version="1.0" encoding="UTF-8"?>
<Response>
  <Dial action="/findme?Dial=true&amp;FailUrl=&amp;Timeout=&amp;Message=&amp;PhoneNumbers%5B%5D=415-555-1313&amp;PhoneNumbers%5B%5D=415-555-1414" timeout="60">
    <Number url="whisper?Message=&amp;HumanCheck=1">415-555-1212</Number>
  </Dial>
</Response>

[FIND-ME-1-2] Find Me with 3 Numbers and Fallback URL (from Example 2)
<?xml version="1.0" encoding="UTF-8"?>
<Response>
  <Dial action="/findme?Dial=true&amp;FailUrl=https%3A%2F%2Fexample.com%2Fplease-try-later.mp3&amp;Timeout=&amp;Message=&amp;PhoneNumbers%5B%5D=415-555-1313&amp;PhoneNumbers%5B%5D=415-555-1414" timeout="60">
    <Number url="whisper?Message=&amp;HumanCheck=1">415-555-1212</Number>
  </Dial>
</Response>

[FIND-ME-1-3] Find Me with Custom Timeout and Message
<?xml version="1.0" encoding="UTF-8"?>
<Response>
  <Dial action="/findme?Dial=true&amp;FailUrl=&amp;Timeout=42&amp;Message=Custom+message&amp;PhoneNumbers%5B%5D=415-555-1313&amp;PhoneNumbers%5B%5D=415-555-1414" timeout="42">
    <Number url="whisper?Message=Custom+message&amp;HumanCheck=1">415-555-1212</Number>
  </Dial>
</Response>

[FIND-ME-1-4] Allow up to 10 numbers
<?xml version="1.0" encoding="UTF-8"?>
<Response>
  <Dial action="/findme?Dial=true&amp;FailUrl=&amp;Timeout=&amp;Message=&amp;PhoneNumbers%5B%5D=415-555-1002&amp;PhoneNumbers%5B%5D=415-555-1003&amp;PhoneNumbers%5B%5D=415-555-1004&amp;PhoneNumbers%5B%5D=415-555-1005&amp;PhoneNumbers%5B%5D=415-555-1006&amp;PhoneNumbers%5B%5D=415-555-1007&amp;PhoneNumbers%5B%5D=415-555-1008&amp;PhoneNumbers%5B%5D=415-555-1009&amp;PhoneNumbers%5B%5D=415-555-1010" timeout="60">
    <Number url="whisper?Message=&amp;HumanCheck=1">415-555-1001</Number>
  </Dial>
</Response>

[FIND-ME-1-5] Discard Extra Numbers Above 10
<?xml version="1.0" encoding="UTF-8"?>
<Response>
  <Dial action="/findme?Dial=true&amp;FailUrl=&amp;Timeout=&amp;Message=&amp;PhoneNumbers%5B%5D=415-555-1012" timeout="60">
    <Number url="whisper?Message=&amp;HumanCheck=1">415-555-1011</Number>
  </Dial>
</Response>

[FIND-ME-1-6] No More Numbers, Without Fallback URL
<?xml version="1.0" encoding="UTF-8"?>
<Response>
  <Hangup/>
</Response>

[FIND-ME-1-7] No More Numbers, With Fallback URL
HTTP/2 302 
location: https://example.com/please-try-later.mp3

[FIND-ME-2-1] Call Answered
<?xml version="1.0" encoding="UTF-8"?>
<Response>
  <Hangup/>
</Response>

[FIND-ME-2-2] Call Completed
<?xml version="1.0" encoding="UTF-8"?>
<Response>
  <Hangup/>
</Response>
