[SIMULRING-1-1] Simulring with 3 Phone Numbers (from example 1)
<?xml version="1.0" encoding="UTF-8"?>
<Response>
  <Dial action="/simulring?Dial=true&amp;FailUrl=" timeout="20">
    <Number url="whisper?Message=">415-555-1212</Number>
    <Number url="whisper?Message=">415-555-1313</Number>
    <Number url="whisper?Message=">415-555-1414</Number>
  </Dial>
</Response>

[SIMULRING-1-2] Simulring with 3 Phone Numbers and Fallback URL (from example 2)
<?xml version="1.0" encoding="UTF-8"?>
<Response>
  <Dial action="/simulring?Dial=true&amp;FailUrl=https%3A%2F%2Fexample.com%2Fplease-try-later.mp3" timeout="20">
    <Number url="whisper?Message=">415-555-1212</Number>
    <Number url="whisper?Message=">415-555-1313</Number>
    <Number url="whisper?Message=">415-555-1414</Number>
  </Dial>
</Response>

[SIMULRING-1-3] Simulring with Custom Timeout and Message
<?xml version="1.0" encoding="UTF-8"?>
<Response>
  <Dial action="/simulring?Dial=true&amp;FailUrl=https%3A%2F%2Fexample.com%2Fplease-try-later.mp3" timeout="42">
    <Number url="whisper?Message=Custom+message">415-555-1212</Number>
    <Number url="whisper?Message=Custom+message">415-555-1313</Number>
    <Number url="whisper?Message=Custom+message">415-555-1414</Number>
  </Dial>
</Response>

[SIMULRING-2-1] Call Completed
<?xml version="1.0" encoding="UTF-8"?>
<Response>
  <Hangup/>
</Response>

[SIMULRING-2-2] Call Answered
<?xml version="1.0" encoding="UTF-8"?>
<Response>
  <Hangup/>
</Response>

[SIMULRING-2-3] Failure with No Fallback URL
<?xml version="1.0" encoding="UTF-8"?>
<Response>
  <Hangup/>
</Response>

[SIMULRING-2-4] Failure with Fallback URL
Redirect: https://example.com/please-try-later.mp3
