[CALL-ME-1-1] Call Me with Phone Number Only (from Example 1)
<?xml version="1.0" encoding="UTF-8"?>
<Response>
  <Dial action="/callme?Dial=true" timeout="20">
    <Number url="whisper?Message=">415-555-1212</Number>
  </Dial>
</Response>

[CALL-ME-1-2] Call Me with Phone Number and Fallback URL (from Example 2)
<?xml version="1.0" encoding="UTF-8"?>
<Response>
  <Dial action="/callme?Dial=true&amp;FailUrl=https%3A%2F%2Fexample.com%2Fplease-try-later.mp3" timeout="20">
    <Number url="whisper?Message=">415-555-1212</Number>
  </Dial>
</Response>

[CALL-ME-1-3] Call Me with Custom Timeout and Message
<?xml version="1.0" encoding="UTF-8"?>
<Response>
  <Dial action="/callme?Dial=true" timeout="42">
    <Number url="whisper?Message=Custom+message">415-555-1212</Number>
  </Dial>
</Response>

[CALL-ME-2-1] Call Completed
<?xml version="1.0" encoding="UTF-8"?>
<Response>
  <Hangup/>
</Response>

[CALL-ME-2-2] Call Answered
<?xml version="1.0" encoding="UTF-8"?>
<Response>
  <Hangup/>
</Response>

[CALL-ME-2-3] Failure with No Fallback URL
<?xml version="1.0" encoding="UTF-8"?>
<Response>
  <Hangup/>
</Response>

[CALL-ME-2-4] Failure with Fallback URL
Redirect: https://example.com/please-try-later.mp3
