[FORWARD-1-1] Successful Forward (from Example 1)
<?xml version="1.0" encoding="UTF-8"?>
<Response>
  <Dial action="/forward?Dial=true" timeout="20">415-555-1212</Dial>
</Response>

[FORWARD-1-2] Successful Forward + Fallback URL (from Example 2)
<?xml version="1.0" encoding="UTF-8"?>
<Response>
  <Dial action="/forward?Dial=true&amp;FailUrl=https%3A%2F%2Fexample.com%2Fplease-try-later.mp3" timeout="20">415-555-1212</Dial>
</Response>

[FORWARD-1-3] Calling Number Allowed (from Example 3)
<?xml version="1.0" encoding="UTF-8"?>
<Response>
  <Dial action="/forward?Dial=true" timeout="20">415-555-1212</Dial>
</Response>

[FORWARD-1-4] Calling Number Not Allowed (from Example 3)
<?xml version="1.0" encoding="UTF-8"?>
<Response>
  <Say>Sorry, you are calling from a restricted number. Good bye.</Say>
</Response>

[FORWARD-1-5] In API version "2008-08-01", convert AllowedCallers to local US number
<?xml version="1.0" encoding="UTF-8"?>
<Response>
  <Dial action="/forward?Dial=true" timeout="20">415-555-1212</Dial>
</Response>

[FORWARD-1-6] When recipient is an "allowed caller" (sic), not the caller
<?xml version="1.0" encoding="UTF-8"?>
<Response>
  <Dial action="/forward?Dial=true" timeout="20">415-555-1212</Dial>
</Response>

[FORWARD-1-7] Custom timeout and caller id
<?xml version="1.0" encoding="UTF-8"?>
<Response>
  <Dial action="/forward?Dial=true" timeout="42" callerId="510-555-1212">415-555-1212</Dial>
</Response>

[FORWARD-2-1] Call Completed
<?xml version="1.0" encoding="UTF-8"?>
<Response>
  <Hangup/>
</Response>

[FORWARD-2-2] Call Answered
<?xml version="1.0" encoding="UTF-8"?>
<Response>
  <Hangup/>
</Response>

[FORWARD-2-3] Failure with No Fallback URL
<?xml version="1.0" encoding="UTF-8"?>
<Response>
  <Hangup/>
</Response>

[FORWARD-2-4] Failure with Fallback URL
HTTP/2 302 
location: https://example.com/please-try-later.mp3
