[SIMPLE-MENU-1-1] Recorded Message
<?xml version="1.0" encoding="UTF-8"?>
<Response>
  <Gather numDigits="1">
    <Play>https://example.com/recorded-message.mp3</Play>
  </Gather>
  <Redirect/>
</Response>

[SIMPLE-MENU-1-2] Text Message
<?xml version="1.0" encoding="UTF-8"?>
<Response>
  <Gather numDigits="1">
    <Say>Text message</Say>
  </Gather>
  <Redirect/>
</Response>

[SIMPLE-MENU-1-3] Multiple Digits to Gather
<?xml version="1.0" encoding="UTF-8"?>
<Response>
  <Gather numDigits="5">
    <Say>Text message</Say>
  </Gather>
  <Redirect/>
</Response>

[SIMPLE-MENU-2-1] Digits Pressed Match an Option
HTTP/2 302 
location: https://example.com/12345

[SIMPLE-MENU-2-2] Digits Pressed Do Not Match Any Option
<?xml version="1.0" encoding="UTF-8"?>
<Response>
  <Say>I'm sorry, that wasn't a valid option.</Say>
  <Gather numDigits="1"/>
  <Redirect/>
</Response>
